-------------------------------------------------------------------------------
Test set: TestSuite
-------------------------------------------------------------------------------
Tests run: 4, Failures: 1, Errors: 0, Skipped: 0, Time elapsed: 85.359 s <<< FAILURE! - in TestSuite
Academy.ValidateText.validateText  Time elapsed: 0.056 s  <<< FAILURE!
java.lang.AssertionError: expected [FEATURED COURSES123] but found [FEATURED COURSES]
	at Academy.ValidateText.validateText(ValidateText.java:34)

